1627753848115	geckodriver	INFO	Listening on 127.0.0.1:38891
1627753848855	mozrunner::runner	INFO	Running command: "/usr/bin/firefox" "--marionette" "--headless" "-foreground" "-no-remote" "-profile" "/tmp/rust_mozprofile5u7L9y"
*** You are running in headless mode.
1627753858412	Marionette	INFO	Marionette enabled
[GFX1-]: RenderCompositorSWGL failed mapping default framebuffer, no dt
console.warn: SearchSettings: "get: No settings file exists, new profile?" (new NotFoundError("Could not open the file at /tmp/rust_mozprofile5u7L9y/search.json.mozlz4", (void 0)))
1627753863902	Marionette	INFO	Listening on port 40415
1627753864066	Marionette	WARN	TLS certificate errors will be ignored for this session
1627753873025	Marionette	INFO	Stopped listening on port 40415
1627753875131	geckodriver	INFO	Listening on 127.0.0.1:43913
1627753876150	mozrunner::runner	INFO	Running command: "/usr/bin/firefox" "--marionette" "--headless" "-foreground" "-no-remote" "-profile" "/tmp/rust_mozprofileHO3Ton"
*** You are running in headless mode.
1627753877161	Marionette	INFO	Marionette enabled
[GFX1-]: RenderCompositorSWGL failed mapping default framebuffer, no dt
console.warn: SearchSettings: "get: No settings file exists, new profile?" (new NotFoundError("Could not open the file at /tmp/rust_mozprofileHO3Ton/search.json.mozlz4", (void 0)))
1627753881412	Marionette	INFO	Listening on port 45673
1627753881623	Marionette	WARN	TLS certificate errors will be ignored for this session
1627753890400	Marionette	INFO	Stopped listening on port 45673

###!!! [Child][RunMessage] Error: Channel closing: too late to send/recv, messages will be lost

1627753892402	geckodriver	INFO	Listening on 127.0.0.1:48139
1627753893407	mozrunner::runner	INFO	Running command: "/usr/bin/firefox" "--marionette" "--headless" "-foreground" "-no-remote" "-profile" "/tmp/rust_mozprofile8xYl1z"
*** You are running in headless mode.
1627753894238	Marionette	INFO	Marionette enabled
[GFX1-]: RenderCompositorSWGL failed mapping default framebuffer, no dt
console.warn: SearchSettings: "get: No settings file exists, new profile?" (new NotFoundError("Could not open the file at /tmp/rust_mozprofile8xYl1z/search.json.mozlz4", (void 0)))
1627753898929	Marionette	INFO	Listening on port 42411
1627753899041	Marionette	WARN	TLS certificate errors will be ignored for this session
1627753909084	Marionette	INFO	Stopped listening on port 42411
1627753913563	geckodriver	INFO	Listening on 127.0.0.1:51859
1627753914570	mozrunner::runner	INFO	Running command: "/usr/bin/firefox" "--marionette" "--headless" "-foreground" "-no-remote" "-profile" "/tmp/rust_mozprofileFNDBZb"
*** You are running in headless mode.
1627753915451	Marionette	INFO	Marionette enabled
[GFX1-]: RenderCompositorSWGL failed mapping default framebuffer, no dt
console.warn: SearchSettings: "get: No settings file exists, new profile?" (new NotFoundError("Could not open the file at /tmp/rust_mozprofileFNDBZb/search.json.mozlz4", (void 0)))
1627753919185	Marionette	INFO	Listening on port 45455
1627753919266	Marionette	WARN	TLS certificate errors will be ignored for this session
1627753928281	Marionette	INFO	Stopped listening on port 45455
1627753930370	geckodriver	INFO	Listening on 127.0.0.1:42195
1627753931376	mozrunner::runner	INFO	Running command: "/usr/bin/firefox" "--marionette" "--headless" "-foreground" "-no-remote" "-profile" "/tmp/rust_mozprofile1dgWBS"
*** You are running in headless mode.
1627753932161	Marionette	INFO	Marionette enabled
[GFX1-]: RenderCompositorSWGL failed mapping default framebuffer, no dt
console.warn: SearchSettings: "get: No settings file exists, new profile?" (new NotFoundError("Could not open the file at /tmp/rust_mozprofile1dgWBS/search.json.mozlz4", (void 0)))
1627753935676	Marionette	INFO	Listening on port 36445
1627753935834	Marionette	WARN	TLS certificate errors will be ignored for this session
1627753945494	Marionette	INFO	Stopped listening on port 36445

###!!! [Parent][RunMessage] Error: Channel closing: too late to send/recv, messages will be lost


###!!! [Parent][RunMessage] Error: Channel closing: too late to send/recv, messages will be lost

1627753947388	geckodriver	INFO	Listening on 127.0.0.1:42745
1627753948391	mozrunner::runner	INFO	Running command: "/usr/bin/firefox" "--marionette" "--headless" "-foreground" "-no-remote" "-profile" "/tmp/rust_mozprofileCbJgGN"
*** You are running in headless mode.
1627753949309	Marionette	INFO	Marionette enabled
[GFX1-]: RenderCompositorSWGL failed mapping default framebuffer, no dt
console.warn: SearchSettings: "get: No settings file exists, new profile?" (new NotFoundError("Could not open the file at /tmp/rust_mozprofileCbJgGN/search.json.mozlz4", (void 0)))
1627753952909	Marionette	INFO	Listening on port 35101
1627753953059	Marionette	WARN	TLS certificate errors will be ignored for this session
1627753962858	Marionette	INFO	Stopped listening on port 35101
1627753965505	geckodriver	INFO	Listening on 127.0.0.1:48209
1627753966512	mozrunner::runner	INFO	Running command: "/usr/bin/firefox" "--marionette" "--headless" "-foreground" "-no-remote" "-profile" "/tmp/rust_mozprofileV4r8eQ"
*** You are running in headless mode.
1627753967499	Marionette	INFO	Marionette enabled
[GFX1-]: RenderCompositorSWGL failed mapping default framebuffer, no dt
console.warn: SearchSettings: "get: No settings file exists, new profile?" (new NotFoundError("Could not open the file at /tmp/rust_mozprofileV4r8eQ/search.json.mozlz4", (void 0)))
1627753971525	Marionette	INFO	Listening on port 40037
1627753971650	Marionette	WARN	TLS certificate errors will be ignored for this session
1627753980915	Marionette	INFO	Stopped listening on port 40037

###!!! [Parent][RunMessage] Error: Channel closing: too late to send/recv, messages will be lost

1627753982724	geckodriver	INFO	Listening on 127.0.0.1:60433
1627753983728	mozrunner::runner	INFO	Running command: "/usr/bin/firefox" "--marionette" "--headless" "-foreground" "-no-remote" "-profile" "/tmp/rust_mozprofileEd7m5E"
*** You are running in headless mode.
1627753984447	Marionette	INFO	Marionette enabled
[GFX1-]: RenderCompositorSWGL failed mapping default framebuffer, no dt
console.warn: SearchSettings: "get: No settings file exists, new profile?" (new NotFoundError("Could not open the file at /tmp/rust_mozprofileEd7m5E/search.json.mozlz4", (void 0)))
1627753987548	Marionette	INFO	Listening on port 39755
1627753987628	Marionette	WARN	TLS certificate errors will be ignored for this session
1627753996576	Marionette	INFO	Stopped listening on port 39755

###!!! [Parent][RunMessage] Error: Channel closing: too late to send/recv, messages will be lost

1627753999136	geckodriver	INFO	Listening on 127.0.0.1:55473
1627754000139	mozrunner::runner	INFO	Running command: "/usr/bin/firefox" "--marionette" "--headless" "-foreground" "-no-remote" "-profile" "/tmp/rust_mozprofileFwhwEq"
*** You are running in headless mode.
1627754000867	Marionette	INFO	Marionette enabled
[GFX1-]: RenderCompositorSWGL failed mapping default framebuffer, no dt
console.warn: SearchSettings: "get: No settings file exists, new profile?" (new NotFoundError("Could not open the file at /tmp/rust_mozprofileFwhwEq/search.json.mozlz4", (void 0)))
1627754005095	Marionette	INFO	Listening on port 40197
1627754005228	Marionette	WARN	TLS certificate errors will be ignored for this session
1627754014153	Marionette	INFO	Stopped listening on port 40197
1627754016659	geckodriver	INFO	Listening on 127.0.0.1:38367
1627754017665	mozrunner::runner	INFO	Running command: "/usr/bin/firefox" "--marionette" "--headless" "-foreground" "-no-remote" "-profile" "/tmp/rust_mozprofile4tUWjl"
*** You are running in headless mode.
1627754018624	Marionette	INFO	Marionette enabled
[GFX1-]: RenderCompositorSWGL failed mapping default framebuffer, no dt
console.warn: SearchSettings: "get: No settings file exists, new profile?" (new NotFoundError("Could not open the file at /tmp/rust_mozprofile4tUWjl/search.json.mozlz4", (void 0)))
1627754022749	Marionette	INFO	Listening on port 44265
1627754022853	Marionette	WARN	TLS certificate errors will be ignored for this session
1627754031929	Marionette	INFO	Stopped listening on port 44265
1627754034155	geckodriver	INFO	Listening on 127.0.0.1:55981
1627754035159	mozrunner::runner	INFO	Running command: "/usr/bin/firefox" "--marionette" "--headless" "-foreground" "-no-remote" "-profile" "/tmp/rust_mozprofile5rLEGv"
*** You are running in headless mode.
1627754036146	Marionette	INFO	Marionette enabled
[GFX1-]: RenderCompositorSWGL failed mapping default framebuffer, no dt
console.warn: SearchSettings: "get: No settings file exists, new profile?" (new NotFoundError("Could not open the file at /tmp/rust_mozprofile5rLEGv/search.json.mozlz4", (void 0)))
1627754040283	Marionette	INFO	Listening on port 46321
1627754040383	Marionette	WARN	TLS certificate errors will be ignored for this session
1627754050587	Marionette	INFO	Stopped listening on port 46321

###!!! [Parent][RunMessage] Error: Channel closing: too late to send/recv, messages will be lost

1627754053177	geckodriver	INFO	Listening on 127.0.0.1:34435
1627754054182	mozrunner::runner	INFO	Running command: "/usr/bin/firefox" "--marionette" "--headless" "-foreground" "-no-remote" "-profile" "/tmp/rust_mozprofileWOnKGj"
*** You are running in headless mode.
1627754055178	Marionette	INFO	Marionette enabled
[GFX1-]: RenderCompositorSWGL failed mapping default framebuffer, no dt
console.warn: SearchSettings: "get: No settings file exists, new profile?" (new NotFoundError("Could not open the file at /tmp/rust_mozprofileWOnKGj/search.json.mozlz4", (void 0)))
1627754059267	Marionette	INFO	Listening on port 34645
1627754059436	Marionette	WARN	TLS certificate errors will be ignored for this session
1627754068776	Marionette	INFO	Stopped listening on port 34645
1627754072958	geckodriver	INFO	Listening on 127.0.0.1:32887
1627754073963	mozrunner::runner	INFO	Running command: "/usr/bin/firefox" "--marionette" "--headless" "-foreground" "-no-remote" "-profile" "/tmp/rust_mozprofile494nu7"
*** You are running in headless mode.
1627754075785	Marionette	INFO	Marionette enabled
[GFX1-]: RenderCompositorSWGL failed mapping default framebuffer, no dt
console.warn: SearchSettings: "get: No settings file exists, new profile?" (new NotFoundError("Could not open the file at /tmp/rust_mozprofile494nu7/search.json.mozlz4", (void 0)))
1627754082824	Marionette	INFO	Listening on port 45659
1627754083043	Marionette	WARN	TLS certificate errors will be ignored for this session
1627754093243	Marionette	INFO	Stopped listening on port 45659
1627754095495	geckodriver	INFO	Listening on 127.0.0.1:49091
1627754096513	mozrunner::runner	INFO	Running command: "/usr/bin/firefox" "--marionette" "--headless" "-foreground" "-no-remote" "-profile" "/tmp/rust_mozprofileU8kiqL"
*** You are running in headless mode.
1627754097285	Marionette	INFO	Marionette enabled
[GFX1-]: RenderCompositorSWGL failed mapping default framebuffer, no dt
console.warn: SearchSettings: "get: No settings file exists, new profile?" (new NotFoundError("Could not open the file at /tmp/rust_mozprofileU8kiqL/search.json.mozlz4", (void 0)))
1627754100337	Marionette	INFO	Listening on port 33275
1627754100460	Marionette	WARN	TLS certificate errors will be ignored for this session
1627754109651	Marionette	INFO	Stopped listening on port 33275
1627754111218	geckodriver	INFO	Listening on 127.0.0.1:53717
1627754112222	mozrunner::runner	INFO	Running command: "/usr/bin/firefox" "--marionette" "--headless" "-foreground" "-no-remote" "-profile" "/tmp/rust_mozprofileQq1zpL"
*** You are running in headless mode.
1627754112917	Marionette	INFO	Marionette enabled
[GFX1-]: RenderCompositorSWGL failed mapping default framebuffer, no dt
console.warn: SearchSettings: "get: No settings file exists, new profile?" (new NotFoundError("Could not open the file at /tmp/rust_mozprofileQq1zpL/search.json.mozlz4", (void 0)))
1627754115799	Marionette	INFO	Listening on port 40297
1627754115947	Marionette	WARN	TLS certificate errors will be ignored for this session
1627754124065	Marionette	INFO	Stopped listening on port 40297

###!!! [Parent][RunMessage] Error: Channel closing: too late to send/recv, messages will be lost

1627754125782	geckodriver	INFO	Listening on 127.0.0.1:42903
1627754126787	mozrunner::runner	INFO	Running command: "/usr/bin/firefox" "--marionette" "--headless" "-foreground" "-no-remote" "-profile" "/tmp/rust_mozprofilercemnV"
*** You are running in headless mode.
1627754127505	Marionette	INFO	Marionette enabled
[GFX1-]: RenderCompositorSWGL failed mapping default framebuffer, no dt
console.warn: SearchSettings: "get: No settings file exists, new profile?" (new NotFoundError("Could not open the file at /tmp/rust_mozprofilercemnV/search.json.mozlz4", (void 0)))
1627754130519	Marionette	INFO	Listening on port 35531
1627754130656	Marionette	WARN	TLS certificate errors will be ignored for this session
1627754139820	Marionette	INFO	Stopped listening on port 35531
1627754141525	geckodriver	INFO	Listening on 127.0.0.1:55935
1627754142527	mozrunner::runner	INFO	Running command: "/usr/bin/firefox" "--marionette" "--headless" "-foreground" "-no-remote" "-profile" "/tmp/rust_mozprofileIakjTG"
*** You are running in headless mode.
1627754143417	Marionette	INFO	Marionette enabled
[GFX1-]: RenderCompositorSWGL failed mapping default framebuffer, no dt
console.warn: SearchSettings: "get: No settings file exists, new profile?" (new NotFoundError("Could not open the file at /tmp/rust_mozprofileIakjTG/search.json.mozlz4", (void 0)))
1627754146555	Marionette	INFO	Listening on port 33855
1627754146691	Marionette	WARN	TLS certificate errors will be ignored for this session
1627754154921	Marionette	INFO	Stopped listening on port 33855
1627754156580	geckodriver	INFO	Listening on 127.0.0.1:52219
1627754157584	mozrunner::runner	INFO	Running command: "/usr/bin/firefox" "--marionette" "--headless" "-foreground" "-no-remote" "-profile" "/tmp/rust_mozprofileYsEp5O"
*** You are running in headless mode.
1627754158215	Marionette	INFO	Marionette enabled
[GFX1-]: RenderCompositorSWGL failed mapping default framebuffer, no dt
console.warn: SearchSettings: "get: No settings file exists, new profile?" (new NotFoundError("Could not open the file at /tmp/rust_mozprofileYsEp5O/search.json.mozlz4", (void 0)))
1627754161095	Marionette	INFO	Listening on port 43069
1627754161176	Marionette	WARN	TLS certificate errors will be ignored for this session
1627754169240	Marionette	INFO	Stopped listening on port 43069

###!!! [Parent][RunMessage] Error: Channel closing: too late to send/recv, messages will be lost

1627754170907	geckodriver	INFO	Listening on 127.0.0.1:44297
1627754171911	mozrunner::runner	INFO	Running command: "/usr/bin/firefox" "--marionette" "--headless" "-foreground" "-no-remote" "-profile" "/tmp/rust_mozprofile1w2GN1"
*** You are running in headless mode.
1627754172565	Marionette	INFO	Marionette enabled
[GFX1-]: RenderCompositorSWGL failed mapping default framebuffer, no dt
console.warn: SearchSettings: "get: No settings file exists, new profile?" (new NotFoundError("Could not open the file at /tmp/rust_mozprofile1w2GN1/search.json.mozlz4", (void 0)))
1627754175335	Marionette	INFO	Listening on port 40327
1627754175517	Marionette	WARN	TLS certificate errors will be ignored for this session
1627754184470	Marionette	INFO	Stopped listening on port 40327

###!!! [Parent][RunMessage] Error: Channel closing: too late to send/recv, messages will be lost

1627754186158	geckodriver	INFO	Listening on 127.0.0.1:47365
1627754187162	mozrunner::runner	INFO	Running command: "/usr/bin/firefox" "--marionette" "--headless" "-foreground" "-no-remote" "-profile" "/tmp/rust_mozprofileWG32ko"
*** You are running in headless mode.
1627754187809	Marionette	INFO	Marionette enabled
[GFX1-]: RenderCompositorSWGL failed mapping default framebuffer, no dt
console.warn: SearchSettings: "get: No settings file exists, new profile?" (new NotFoundError("Could not open the file at /tmp/rust_mozprofileWG32ko/search.json.mozlz4", (void 0)))
1627754190818	Marionette	INFO	Listening on port 33163
1627754190930	Marionette	WARN	TLS certificate errors will be ignored for this session
1627754199916	Marionette	INFO	Stopped listening on port 33163
1627754202068	geckodriver	INFO	Listening on 127.0.0.1:53261
1627754203072	mozrunner::runner	INFO	Running command: "/usr/bin/firefox" "--marionette" "--headless" "-foreground" "-no-remote" "-profile" "/tmp/rust_mozprofileBsQevr"
*** You are running in headless mode.
1627754203746	Marionette	INFO	Marionette enabled
[GFX1-]: RenderCompositorSWGL failed mapping default framebuffer, no dt
console.warn: SearchSettings: "get: No settings file exists, new profile?" (new NotFoundError("Could not open the file at /tmp/rust_mozprofileBsQevr/search.json.mozlz4", (void 0)))
1627754207471	Marionette	INFO	Listening on port 35991
1627754207546	Marionette	WARN	TLS certificate errors will be ignored for this session
1627754216395	Marionette	INFO	Stopped listening on port 35991
1627754218995	geckodriver	INFO	Listening on 127.0.0.1:37981
1627754219998	mozrunner::runner	INFO	Running command: "/usr/bin/firefox" "--marionette" "--headless" "-foreground" "-no-remote" "-profile" "/tmp/rust_mozprofile9xevXL"
*** You are running in headless mode.
1627754221717	Marionette	INFO	Marionette enabled
[GFX1-]: RenderCompositorSWGL failed mapping default framebuffer, no dt
console.warn: SearchSettings: "get: No settings file exists, new profile?" (new NotFoundError("Could not open the file at /tmp/rust_mozprofile9xevXL/search.json.mozlz4", (void 0)))
1627754226266	Marionette	INFO	Listening on port 41707
1627754226342	Marionette	WARN	TLS certificate errors will be ignored for this session
1627754235295	Marionette	INFO	Stopped listening on port 41707

###!!! [Parent][RunMessage] Error: Channel closing: too late to send/recv, messages will be lost

1627754237159	geckodriver	INFO	Listening on 127.0.0.1:34409
1627754238160	mozrunner::runner	INFO	Running command: "/usr/bin/firefox" "--marionette" "--headless" "-foreground" "-no-remote" "-profile" "/tmp/rust_mozprofilexjUZyo"
*** You are running in headless mode.
1627754238900	Marionette	INFO	Marionette enabled
[GFX1-]: RenderCompositorSWGL failed mapping default framebuffer, no dt
console.warn: SearchSettings: "get: No settings file exists, new profile?" (new NotFoundError("Could not open the file at /tmp/rust_mozprofilexjUZyo/search.json.mozlz4", (void 0)))
1627754242027	Marionette	INFO	Listening on port 35235
1627754242133	Marionette	WARN	TLS certificate errors will be ignored for this session
1627754250542	Marionette	INFO	Stopped listening on port 35235
1627754252425	geckodriver	INFO	Listening on 127.0.0.1:59021
1627754253428	mozrunner::runner	INFO	Running command: "/usr/bin/firefox" "--marionette" "--headless" "-foreground" "-no-remote" "-profile" "/tmp/rust_mozprofiledoihTZ"
*** You are running in headless mode.
1627754254175	Marionette	INFO	Marionette enabled
[GFX1-]: RenderCompositorSWGL failed mapping default framebuffer, no dt
console.warn: SearchSettings: "get: No settings file exists, new profile?" (new NotFoundError("Could not open the file at /tmp/rust_mozprofiledoihTZ/search.json.mozlz4", (void 0)))
1627754257368	Marionette	INFO	Listening on port 38635
1627754257541	Marionette	WARN	TLS certificate errors will be ignored for this session
1627754265782	Marionette	INFO	Stopped listening on port 38635
